build/app/outputs/mapping/release/mapping.txt
# compiler: R8
# compiler_version: 2.1.75
# min_api: 21
# pg_map_id: 8a86f40
# common_typos_disable
...
kotlin.collections.CollectionsKt -> e.i.g:
    java.util.List emptyList() -> a
    java.util.List listOf(java.lang.Object[]) -> b
    void throwIndexOverflow() -> c
    int collectionSizeOrDefault(java.lang.Iterable,int) -> d
    java.lang.Object firstOrNull(java.util.List) -> e
    java.lang.Object singleOrNull(java.util.List) -> f
kotlin.collections.CollectionsKt__CollectionsJVMKt -> e.i.h:
kotlin.collections.CollectionsKt__CollectionsKt -> e.i.i:
    java.util.List emptyList() -> a
    java.util.List listOf(java.lang.Object[]) -> b
    void throwIndexOverflow() -> c
kotlin.collections.CollectionsKt__IterablesKt -> e.i.j:
    int collectionSizeOrDefault(java.lang.Iterable,int) -> d
kotlin.collections.CollectionsKt__IteratorsJVMKt -> e.i.k:
kotlin.collections.CollectionsKt__IteratorsKt -> e.i.l:
kotlin.collections.CollectionsKt__MutableCollectionsJVMKt -> e.i.m:
kotlin.collections.CollectionsKt__MutableCollectionsKt -> e.i.n:
kotlin.collections.CollectionsKt__ReversedViewsKt -> e.i.o:
kotlin.collections.CollectionsKt___CollectionsJvmKt -> e.i.p:
kotlin.collections.CollectionsKt___CollectionsKt -> e.i.q:
    java.lang.Object firstOrNull(java.util.List) -> e
    java.lang.Object singleOrNull(java.util.List) -> f
kotlin.collections.EmptyIterator -> e.i.r:
    kotlin.collections.EmptyIterator INSTANCE -> a
    java.lang.Void next() -> a
    java.lang.Void previous() -> b
kotlin.collections.EmptyList -> e.i.s:
    kotlin.collections.EmptyList INSTANCE -> a
    boolean contains(java.lang.Void) -> a
    java.lang.Void get(int) -> b
    int getSize() -> c
    int indexOf(java.lang.Void) -> d
    int lastIndexOf(java.lang.Void) -> e
kotlin.collections.EmptyMap -> e.i.t:
    kotlin.collections.EmptyMap INSTANCE -> a
    boolean containsValue(java.lang.Void) -> a
    java.lang.Void get(java.lang.Object) -> b
    java.util.Set getEntries() -> c
    java.util.Set getKeys() -> d
    int getSize() -> e
    java.util.Collection getValues() -> f
kotlin.collections.EmptySet -> e.i.u:
    kotlin.collections.EmptySet INSTANCE -> a
    boolean contains(java.lang.Void) -> a
    int getSize() -> b
kotlin.collections.MapsKt -> e.i.v:
    int mapCapacity(int) -> a
    java.util.Map mapOf(kotlin.Pair[]) -> e
    java.util.Map toMap(java.lang.Iterable) -> i
kotlin.collections.MapsKt__MapWithDefaultKt -> e.i.w:
kotlin.collections.MapsKt__MapsJVMKt -> e.i.x:
    int mapCapacity(int) -> a
    java.util.Map mapOf(kotlin.Pair) -> b
    java.util.Map toSingletonMap(java.util.Map) -> c
kotlin.collections.MapsKt__MapsKt -> e.i.y:
    java.util.Map emptyMap() -> d
    java.util.Map mapOf(kotlin.Pair[]) -> e
    java.util.Map optimizeReadOnlyMap(java.util.Map) -> f
    void putAll(java.util.Map,java.lang.Iterable) -> g
    void putAll(java.util.Map,kotlin.Pair[]) -> h
    java.util.Map toMap(java.lang.Iterable) -> i
    java.util.Map toMap(java.lang.Iterable,java.util.Map) -> j
    java.util.Map toMap(kotlin.Pair[],java.util.Map) -> k
kotlin.collections.MapsKt___MapsKt -> e.i.z:
kotlin.internal.PlatformImplementations -> e.j.a:
    void addSuppressed(java.lang.Throwable,java.lang.Throwable) -> a
kotlin.internal.PlatformImplementations$ReflectThrowable -> e.j.a$a:
    java.lang.reflect.Method addSuppressed -> a
kotlin.internal.PlatformImplementationsKt -> e.j.b:
    kotlin.internal.PlatformImplementations IMPLEMENTATIONS -> a
    int getJavaVersion() -> a
kotlin.internal.jdk7.JDK7PlatformImplementations -> e.j.c.a:
    void addSuppressed(java.lang.Throwable,java.lang.Throwable) -> a
kotlin.io.CloseableKt -> e.k.a:
    void closeFinally(java.io.Closeable,java.lang.Throwable) -> a
kotlin.jvm.JvmClassMappingKt -> e.l.a:
    java.lang.Class getJavaObjectType(kotlin.reflect.KClass) -> a
kotlin.jvm.functions.Function0 -> e.l.b.a:
kotlin.jvm.functions.Function1 -> e.l.b.l:
kotlin.jvm.functions.Function10 -> e.l.b.b:
kotlin.jvm.functions.Function11 -> e.l.b.c:
kotlin.jvm.functions.Function12 -> e.l.b.d:
kotlin.jvm.functions.Function13 -> e.l.b.e: