build/app/outputs/mapping/release/usage.txt
com.example.gas3.R
com.example.gas3.R$string
com.example.gas3.R$styleable
com.example.gas3.R$attr
com.example.gas3.R$id
com.example.gas3.R$mipmap
com.example.gas3.R$dimen
com.example.gas3.R$color
com.example.gas3.R$layout
com.example.gas3.R$style
com.example.gas3.BuildConfig
com.example.gas3.R$drawable
com.example.gas3.R$integer
...
com.google.common.collect.ImmutableList$Builder
kotlin.UShort
kotlin.collections.builders.MapBuilder$EntryRef
com.google.android.gms.common.internal.service.zak
com.google.common.util.concurrent.AbstractService$6
com.google.common.reflect.Types$ClassOwnership$3
com.google.android.gms.common.api.internal.zaae:
    public static void zaa(android.app.Activity,com.google.android.gms.common.api.internal.GoogleApiManager,com.google.android.gms.common.api.internal.zai)
    private void <init>(com.google.android.gms.common.api.internal.LifecycleFragment)
    private final void zaak()
    public void onStart()
    public void onResume()
    public void onStop()
    protected final void zaa(com.google.android.gms.common.ConnectionResult,int)
    protected final void zao()
    final androidx.collection.ArraySet zaaj()
    private final androidx.collection.ArraySet zafp
    private com.google.android.gms.common.api.internal.GoogleApiManager zabm
androidx.loader.content.ModernAsyncTask$3
flutter.plugins.screen.screen.R$id
kotlin.jvm.functions.Function7:
    public abstract java.lang.Object invoke(java.lang.Object,java.lang.Object,java.lang.Object,java.lang.Object,java.lang.Object,java.lang.Object,java.lang.Object)
com.google.common.base.StandardSystemProperty
com.google.common.collect.ImmutableRangeSet$AsSet
com.google.common.collect.MutableClassToInstanceMap
com.google.common.io.BaseEncoding$StandardBaseEncoding$2
com.google.common.collect.DenseImmutableTable$1
com.google.android.gms.common.internal.safeparcel.SafeParcelable
com.google.common.reflect.ImmutableTypeToInstanceMap$Builder
com.google.android.gms.location.GeofencingClient
com.google.common.collect.CompactLinkedHashMap
com.google.common.util.concurrent.ForwardingListenableFuture
androidx.core.text.util.LinkifyCompat$1
com.google.common.collect.MapMakerInternalMap$Strength
com.google.common.util.concurrent.SmoothRateLimiter$SmoothWarmingUp
com.google.common.base.CharMatcher$Negated
androidx.core.net.UriCompat
com.google.common.collect.MultimapBuilder$MultimapBuilderWithKeys$2
androidx.core.util.Pools
androidx.annotation.MenuRes
com.google.common.base.Splitter$2
com.google.common.base.Predicates$AndPredicate
com.google.common.util.concurrent.UncheckedExecutionException
com.mr.flutter.plugin.filepicker.R$style
com.google.common.collect.Cut$BelowValue
io.flutter.plugin.platform.PlatformViewRegistry:
    public abstract boolean registerViewFactory(java.lang.String,io.flutter.plugin.platform.PlatformViewFactory)
com.google.common.cache.CacheLoader$FunctionToCacheLoader
kotlin.UByteArrayKt
javax.annotation.concurrent.Immutable
com.google.common.reflect.AbstractInvocationHandler
kotlin.collections.MapsKt__MapWithDefaultKt:
    public static final java.lang.Object getOrImplicitDefaultNullable(java.util.Map,java.lang.Object)
    public static final java.util.Map withDefault(java.util.Map,kotlin.jvm.functions.Function1)
    public static final java.util.Map withDefaultMutable(java.util.Map,kotlin.jvm.functions.Function1)
    public void <init>()
kotlin.text.StringsKt__StringsKt$rangesDelimitedBy$2
com.google.android.gms.location.GeofencingRequest
kotlin.ranges.CharProgression$Companion
kotlin.comparisons.ComparisonsKt__ComparisonsKt$compareBy$3
androidx.core.content.SharedPreferencesKt
com.google.common.collect.ForwardingNavigableMap$StandardDescendingMap
com.google.common.io.ByteSource
kotlin.coroutines.EmptyCoroutineContext